<?xml version="1.0" encoding="UTF-8"?>

<project name="test-module" default="run">

  <target name="run">

    <!-- debug -->
    <echo level="debug" message="module-source-dir: ${module-source-dir}"/>
    <echo level="debug" message="module-classpath: ${module-classpath}"/>
    <echo level="debug" message="module-build-dir: ${module-test-dir}"/>

    <mkdir dir="${module-test-dir}/xml"/>

    <javac
      destdir="${module-test-dir}"
      srcdir="${module-source-dir}"
      classpath="${module-classpath}"
      debug="true"/>

    <available property="excludes-file-present" file="${module-source-dir}/excludes.properties"/>

    <junit
      printsummary="yes"
      showoutput="yes"
      fork="no"
      errorproperty="unittestsfailed"
      failureproperty="unittestsfailed"
      reloading="false">

      <!-- todo: pad moet anders -->
      <classpath>
        <pathelement path="${module-classpath}:${module-test-dir}:${module-source-dir}/../resources:${module-source-dir}/../../resources"/>
      </classpath>

      <formatter type="xml"/>

      <batchtest todir="${module-test-dir}/xml">
        <fileset dir="${module-source-dir}">
          <include name="**/*.java"/>
          <excludesfile name="${module-source-dir}/excludes.properties" if="excludes-file-present"/>
        </fileset>
      </batchtest>
    </junit>
    <fail message="Tests failed." if="unittestsfailed"/>

  </target>

</project>