<?xml version="1.0"?>

<commands>

	<command name="update" alias="upd">

		<description>
			The update command updates a module from a version control system.
		</description>

		<options>
			<option opt="m" longOpt="module" hasArgs="true" required="true" description="The module name that should be updated">
				<arg>module-name</arg>
			</option>

			<option opt="m" longOpt="module" required="true"/>

		</options>

		<classname>nl.toolforge.karma.core.cmd.impl.CommandFaker</classname>

		<help/>

	</command>

	<command name="show-manifest" alias="sm">

		<description>
			The show-manifest command shows the contents of the manifest.
		</description>

		<options>
			<option opt="m" longOpt="manifest" hasArgs="true" required="true" description="The manifest name">
				<arg>manifest-name</arg>
			</option>
		</options>

		<classname>nl.toolforge.karma.core.cmd.impl.CommandFaker</classname>

		<help>
			There is a central repository (generally maintained in a version control system), which contains all the
			available manifests. This repository is configured in the builder.properties file. There
			can be only one such a repository configured in the builder. With the update-manifests command manifests
			are downloaded from the manifest repository and put on the local file system. The list-manifests command
			lists these local manifests. Only these manifests are available for the Karma runtime.
		</help>

	</command>

</commands>

