<?xml version="1.0" ?>

<locations>

	<!-- The 'id'-attribute maps on a 'location'-attribute in a module -->

	<location type="cvs" id="test-id-4">
    <protocol>local</protocol>
		<host>localhost</host>
		<port>2401</port>
		<repository>/home/cvs</repository>
	</location>

	<location type="cvs" id="test-id-5">
    <protocol>local</protocol>
		<host>cvs.sourceforge.net</host>
		<port>2401</port>
		<repository>/cvsroot/</repository>
	</location>

	<location type="svn" id="test-id-6">
		<host>localhost</host>
		<port>9999</port>
		<repository>/home/subversion</repository>
	</location>

</locations>