<!--
DO NOT CHANGE THE CONTENTS OF THIS FILE. IT IS USED BY JUnit TEST CLASSES
-->

<manifest type="development" version="1-0">

  <description>This manifest is an example of the manifest definition.</description>

  <modules>

    <module name="module-1" location="test-id-1" version="0-1"/>
    <module name="module-1" location="test-id-1"/>
<!--    <module name="module-1" type="src" location="test-id-1" version="0-1"/>-->
<!--    <module name="module-1" type="src" location="test-id-1"/>-->

  </modules>

  <!-- The following element defines another manifest that is included in this one (runtime). -->

  <include-manifest name="included-test-manifest-1"/>

</manifest>