<?xml version="1.0" ?>

<locations>

	<!-- The 'id'-attribute maps on a 'location'-attribute in a module -->

  <location type="cvs" id="test-id-1">
    <protocol>local</protocol>
    <host>localhost</host>
    <port>2401</port>
    <repository>/home/cvs</repository>
    <module-offset>modules</module-offset>
  </location>

	<location type="cvs" id="test-id-2">
    <protocol>ext</protocol>
		<host>cvs.sourceforge.net</host>
		<repository>/cvsroot/toolforge</repository>
    <module-offset>toolforge</module-offset>
	</location>

	<location type="svn" id="test-id-3">
		<host>localhost</host>
		<port>9999</port>
		<repository>/home/subversion</repository>
	</location>

</locations>